<?xml version="1.0" encoding="UTF-8"?>
<testng-results ignored="0" total="1" passed="1" failed="0" skipped="0">
  <reporter-output>
  </reporter-output>
  <suite started-at="2025-11-07T15:56:18 COT" name="Default suite" finished-at="2025-11-07T15:56:28 COT" duration-ms="9402">
    <groups>
    </groups>
    <test started-at="2025-11-07T15:56:18 COT" name="Default test" finished-at="2025-11-07T15:56:28 COT" duration-ms="9402">
      <class name="tests.Test_login">
        <test-method is-config="true" signature="setUp()[pri:0, instance:tests.Test_login@66f57048]" started-at="2025-11-07T15:56:18 COT" name="setUp" finished-at="2025-11-07T15:56:21 COT" duration-ms="2466" status="PASS">
          <reporter-output>
          </reporter-output>
        </test-method> <!-- setUp -->
        <test-method signature="test_initSesion()[pri:0, instance:tests.Test_login@66f57048]" started-at="2025-11-07T15:56:21 COT" name="test_initSesion" finished-at="2025-11-07T15:56:27 COT" duration-ms="6575" status="PASS">
          <reporter-output>
          </reporter-output>
        </test-method> <!-- test_initSesion -->
        <test-method is-config="true" signature="tearDown()[pri:0, instance:tests.Test_login@66f57048]" started-at="2025-11-07T15:56:27 COT" name="tearDown" finished-at="2025-11-07T15:56:28 COT" duration-ms="290" status="PASS">
          <reporter-output>
          </reporter-output>
        </test-method> <!-- tearDown -->
      </class> <!-- tests.Test_login -->
    </test> <!-- Default test -->
  </suite> <!-- Default suite -->
</testng-results>
